<?xml version="1.0" encoding="UTF-8"?>
<testng-results ignored="0" total="2" passed="2" failed="0" skipped="0">
  <reporter-output>
  </reporter-output>
  <suite started-at="2023-05-25T10:49:23 IST" name="Suite" finished-at="2023-05-25T10:49:43 IST" duration-ms="20024">
    <groups>
    </groups>
    <test started-at="2023-05-25T10:49:23 IST" name="Test" finished-at="2023-05-25T10:49:32 IST" duration-ms="9389">
      <class name="testNGExecution.ParallelTestsExcetion">
        <test-method signature="SelectBrowser(java.lang.String,java.lang.String,java.lang.String,java.lang.String)[pri:0, instance:testNGExecution.ParallelTestsExcetion@e7edb54]" started-at="2023-05-25T10:49:23 IST" name="SelectBrowser" finished-at="2023-05-25T10:49:32 IST" duration-ms="9300" status="PASS">
          <params>
            <param index="0">
              <value>
                <![CDATA[chrome]]>
              </value>
            </param>
            <param index="1">
              <value>
                <![CDATA[https://opensource-demo.orangehrmlive.com/web/index.php/auth/login]]>
              </value>
            </param>
            <param index="2">
              <value>
                <![CDATA[Admin]]>
              </value>
            </param>
            <param index="3">
              <value>
                <![CDATA[admin123]]>
              </value>
            </param>
          </params>
          <reporter-output>
          </reporter-output>
        </test-method> <!-- SelectBrowser -->
      </class> <!-- testNGExecution.ParallelTestsExcetion -->
    </test> <!-- Test -->
    <test started-at="2023-05-25T10:49:32 IST" name="FTest" finished-at="2023-05-25T10:49:43 IST" duration-ms="10528">
      <class name="testNGExecution.ParallelTestsExcetion">
        <test-method signature="SelectBrowser(java.lang.String,java.lang.String,java.lang.String,java.lang.String)[pri:0, instance:testNGExecution.ParallelTestsExcetion@71238fc2]" started-at="2023-05-25T10:49:32 IST" name="SelectBrowser" finished-at="2023-05-25T10:49:43 IST" duration-ms="10524" status="PASS">
          <params>
            <param index="0">
              <value>
                <![CDATA[firefox]]>
              </value>
            </param>
            <param index="1">
              <value>
                <![CDATA[https://opensource-demo.orangehrmlive.com/web/index.php/auth/login]]>
              </value>
            </param>
            <param index="2">
              <value>
                <![CDATA[Admin]]>
              </value>
            </param>
            <param index="3">
              <value>
                <![CDATA[admin123]]>
              </value>
            </param>
          </params>
          <reporter-output>
          </reporter-output>
        </test-method> <!-- SelectBrowser -->
      </class> <!-- testNGExecution.ParallelTestsExcetion -->
    </test> <!-- FTest -->
  </suite> <!-- Suite -->
</testng-results>
